INFO: [VRFC 10-2263] Analyzing Verilog file "C:/Users/86158/Desktop/3_3/3_3.srcs/sources_1/new/EXT.v" into library xil_defaultlib
INFO: [VRFC 10-311] analyzing module EXT
INFO: [VRFC 10-2263] Analyzing Verilog file "C:/Users/86158/Desktop/3_3/3_3.srcs/sources_1/new/NPC.v" into library xil_defaultlib
INFO: [VRFC 10-311] analyzing module NPC
INFO: [VRFC 10-2263] Analyzing Verilog file "C:/Users/86158/Desktop/3_3/3_3.srcs/sources_1/new/PC.v" into library xil_defaultlib
INFO: [VRFC 10-311] analyzing module PC
INFO: [VRFC 10-2263] Analyzing Verilog file "C:/Users/86158/Desktop/3_3/3_3.srcs/sources_1/new/RF.v" into library xil_defaultlib
INFO: [VRFC 10-311] analyzing module RF
INFO: [VRFC 10-2263] Analyzing Verilog file "C:/Users/86158/Desktop/3_3/3_3.srcs/sources_1/new/SCPU.v" into library xil_defaultlib
INFO: [VRFC 10-311] analyzing module SCPU
INFO: [VRFC 10-2263] Analyzing Verilog file "C:/Users/86158/Desktop/3_3/3_3.srcs/sources_1/new/alu.v" into library xil_defaultlib
INFO: [VRFC 10-311] analyzing module alu
INFO: [VRFC 10-2263] Analyzing Verilog file "C:/Users/86158/Desktop/3_3/3_3.srcs/sources_1/new/ctrl.v" into library xil_defaultlib
INFO: [VRFC 10-311] analyzing module ctrl
INFO: [VRFC 10-2263] Analyzing Verilog file "C:/Users/86158/Desktop/3_3/3_3.srcs/sources_1/new/dm.v" into library xil_defaultlib
INFO: [VRFC 10-311] analyzing module dm
INFO: [VRFC 10-2263] Analyzing Verilog file "C:/Users/86158/Desktop/3_3/3_3.srcs/sources_1/new/im.v" into library xil_defaultlib
INFO: [VRFC 10-311] analyzing module im
INFO: [VRFC 10-2263] Analyzing Verilog file "C:/Users/86158/Desktop/3_3/3_3.srcs/sources_1/new/sccomp.v" into library xil_defaultlib
INFO: [VRFC 10-311] analyzing module sccomp
INFO: [VRFC 10-2263] Analyzing Verilog file "C:/Users/86158/Desktop/3_3/3_3.srcs/sources_1/new/sccomp_tb.v" into library xil_defaultlib
INFO: [VRFC 10-311] analyzing module sccomp_tb
INFO: [VRFC 10-2263] Analyzing Verilog file "C:/Users/86158/Desktop/3_3/3_3.sim/sim_1/behav/xsim/glbl.v" into library xil_defaultlib
INFO: [VRFC 10-311] analyzing module glbl
